=== Vercel Deployment Fix ===
Date: Fri Jan 30 06:53:04 UTC 2026

[1] Status:
On branch main
Your branch is up to date with 'origin/main'.

Changes not staged for commit:
  (use "git add <file>..." to update what will be committed)
  (use "git restore <file>..." to discard changes in working directory)
	modified:   final_push.log
	modified:   vercel.json

Untracked files:
  (use "git add <file>..." to include in what will be committed)
	api/index.py
	app/api/
	next.config.js
	vercel_fix.log
	vercel_fix.sh

no changes added to commit (use "git add" and/or "git commit -a")

[2] Adding all changes...

[3] Committing...
[main 938a51c] fix: update API structure for Vercel compatibility (use Next.js API routes)
 7 files changed, 160 insertions(+), 16 deletions(-)
 create mode 100644 api/index.py
 create mode 100644 app/api/pools/route.ts
 create mode 100644 next.config.js
 create mode 100644 vercel_fix.log
 create mode 100644 vercel_fix.sh

[4] Pushing...
To https://github.com/seetiger1/BBB
   91d48dd..938a51c  main -> main

[5] Files created/updated:
  - api/index.py (backup, can remove)
  - app/api/pools/route.ts (Next.js API route - replaces FastAPI)
  - next.config.js (Next.js config)
  - vercel.json (simplified for Vercel)

=== Ready to redeploy on Vercel ===
